<?xml version="1.0" encoding="UTF-8"?>
<!-- Generated by org.testng.reporters.JUnitReportReporter -->
<testsuite skipped="0" hostname="LTSIPL0-Sameer" name="com.gk.test.RunApiATSuite" tests="4" failures="0" timestamp="16 Sep 2021 15:23:14 GMT" time="8.759" errors="0">
  <testcase name="runScenario" time="5.468" classname="com.gk.test.RunApiATSuite"/>
  <testcase name="runScenario" time="1.115" classname="com.gk.test.RunApiATSuite"/>
  <testcase name="runScenario" time="1.023" classname="com.gk.test.RunApiATSuite"/>
  <testcase name="runScenario" time="1.153" classname="com.gk.test.RunApiATSuite"/>
</testsuite> <!-- com.gk.test.RunApiATSuite -->
