<?xml version="1.0" encoding="UTF-8"?>
<!-- Generated by org.testng.reporters.JUnitReportReporter -->
<testsuite skipped="0" hostname="LTSIPL0-Sameer" name="com.cucumber.test.RunSingleSuite" tests="2" failures="0" timestamp="24 Nov 2021 15:47:23 GMT" time="27.866" errors="0">
  <testcase name="runScenario" time="18.109" classname="com.cucumber.test.RunSingleSuite"/>
  <testcase name="runScenario" time="9.757" classname="com.cucumber.test.RunSingleSuite"/>
</testsuite> <!-- com.cucumber.test.RunSingleSuite -->
