<?xml version="1.0" encoding="UTF-8"?>
<!-- Generated by org.testng.reporters.JUnitReportReporter -->
<testsuite skipped="0" hostname="LTSIPL0-Sameer" name="com.cucumber.test.RunWebATSuite" tests="1" failures="0" timestamp="24 Nov 2021 15:47:24 GMT" time="18.185" errors="0">
  <testcase name="runScenario" time="18.185" classname="com.cucumber.test.RunWebATSuite"/>
</testsuite> <!-- com.cucumber.test.RunWebATSuite -->
